<?xml version="1.0" encoding="UTF-8"?>
<testsuite name="com.eclipse.panel.viewController.CharacterControllerTest" tests="1" skipped="0" failures="0" errors="0" timestamp="2020-09-25T14:04:49" hostname="MacBook-Pro-de-Sebastian.local" time="0.863">
  <properties/>
  <testcase name="testRenderCharacter" classname="com.eclipse.panel.viewController.CharacterControllerTest" time="0.863"/>
  <system-out><![CDATA[file:/Users/sebastianturen/Documents/GitHub/EclipseROPanel/build/resources/main/ro_sprites/accessory/%eb%82%a8_striking_hat.spr
file:/Users/sebastianturen/Documents/GitHub/EclipseROPanel/build/resources/main/ro_sprites/accessory/%eb%82%a8_striking_hat.act
file:/Users/sebastianturen/Documents/GitHub/EclipseROPanel/build/resources/main/ro_sprites/accessory/%eb%82%a8_c_lady_tanee.spr
file:/Users/sebastianturen/Documents/GitHub/EclipseROPanel/build/resources/main/ro_sprites/accessory/%eb%82%a8_c_lady_tanee.act
file:/Users/sebastianturen/Documents/GitHub/EclipseROPanel/build/resources/main/ro_sprites/accessory/%eb%82%a8_c_snackparty.spr
file:/Users/sebastianturen/Documents/GitHub/EclipseROPanel/build/resources/main/ro_sprites/accessory/%eb%82%a8_c_snackparty.act
file:/Users/sebastianturen/Documents/GitHub/EclipseROPanel/build/resources/main/ro_sprites/body/%eb%b0%94%eb%93%9c_%eb%82%a8.spr
file:/Users/sebastianturen/Documents/GitHub/EclipseROPanel/build/resources/main/ro_sprites/body/%eb%b0%94%eb%93%9c_%eb%82%a8.act
]]></system-out>
  <system-err><![CDATA[]]></system-err>
</testsuite>
